2026-01-22 09:57:49.833 - DBeaver 25.3.3.202601181752 is starting
2026-01-22 09:57:49.833 - OS: Windows 11 10.0 (amd64)
2026-01-22 09:57:49.833 - Java version: 21.0.8 by Eclipse Adoptium (64bit)
2026-01-22 09:57:49.833 - Install path: 'C:\Users\adminn\AppData\Local\DBeaver'
2026-01-22 09:57:49.833 - Instance path: 'file:/C:/study/2. Database/'
2026-01-22 09:57:49.833 - Memory available 64Mb/1024Mb
2026-01-22 09:57:49.849 - Create display
2026-01-22 09:57:49.929 - Initialize desktop platform...
2026-01-22 09:57:50.023 - BounceCastle bundle found. Use JCE provider BC
> Start Core File Systems [org.eclipse.core.filesystem 1.11.400.v20251107-0507]
> Start Core Resource Management [org.eclipse.core.resources 3.23.100.v20251106-1705]
> Start 팀 지원 핵심 [org.eclipse.team.core 3.10.900.v20251104-0924]
> Start DBeaver UI Navigator [org.jkiss.dbeaver.ui.navigator 1.0.171.202601181752]
> Start JFace 텍스트 [org.eclipse.jface.text 3.29.0.v20251112-0859]
Warning: NLS unused message: WorkbenchPreference_reuseEditorsThreshold in: org.eclipse.ui.internal.messages
Warning: NLS unused message: 이유 in: org.eclipse.ui.internal.messages
2026-01-22 09:57:50.243 - Initialize base platform...
2026-01-22 09:57:50.251 - Platform initialized (322ms)
> Start Equinox Java Authentication and Authorization Service (JAAS) [org.eclipse.equinox.security 1.4.700.v20250622-1644]
> Start 인터넷 연결 관리 사용자 인터페이스 [org.eclipse.ui.net 1.5.500.v20250611-0855]
> Start Internet Connection Management [org.eclipse.core.net 1.5.800.v20250613-1119]
2026-01-22 09:57:50.275 - Proxy service 'org.eclipse.core.net.proxy.IProxyService' loaded
2026-01-22 09:57:50.300 - Starting instance server at http://localhost:58201
2026-01-22 09:57:50.300 - Run workbench
> Start Eclipse IDE UI [org.eclipse.ui.ide 3.22.800.v20251112-0859]
> Start Eclipse e4 작업영역 SWT [org.eclipse.e4.ui.workbench.swt 0.17.1000.v20251023-0611]
> Start Eclipse Application Services [org.eclipse.e4.core.services 2.5.300.v20251112-1253]
> Start Eclipse UI Application Services [org.eclipse.e4.ui.services 1.6.600.v20251023-1358]
> Start Eclipse e4 Progress View [org.eclipse.e4.ui.progress 0.4.900.v20251023-1511]
> Start Eclipse Bindings Support [org.eclipse.e4.ui.bindings 0.14.800.v20250916-0937]
> Start Eclipse e4 core commands [org.eclipse.e4.core.commands 1.1.700.v20250916-0927]
> Start EMF XML/XMI Persistence [org.eclipse.emf.ecore.xmi 2.39.0.v20250910-1205]
> Start Eclipse CSS SWT Theme Support [org.eclipse.e4.ui.css.swt.theme 0.14.600.v20251023-0615]
> Start Eclipse e4 작업영역 기능 추가 [org.eclipse.e4.ui.workbench.addons.swt 1.5.900.v20251007-0832]
> Start Eclipse e4 작업영역 SWT 렌더러 [org.eclipse.e4.ui.workbench.renderers.swt 0.16.1000.v20251114-0005]
> Start Eclipse Dependency Injection Extensions [org.eclipse.e4.core.di.extensions 0.18.300.v20240413-1529]
> Start DBeaver AI Model [org.jkiss.dbeaver.model.ai 2.0.14.202601181752]
> Start DBeaver AI UI [org.jkiss.dbeaver.ui.ai 1.0.73.202601181752]
> Start Eclipse CSS SWT Support [org.eclipse.e4.ui.css.swt 0.15.700.v20251023-1511]
2026-01-22 09:57:51.203 - Configure workbench window
> Start DBeaver SQL Model [org.jkiss.dbeaver.model.sql 1.0.161.202601181752]
2026-01-22 09:57:51.330 - Total database drivers: 127 (127)
> Start 도움말 시스템 코어 [org.eclipse.help 3.10.600.v20250613-0437]
2026-01-22 09:57:51.398 - Create actions
> Start 기본 문서 편집기 [org.eclipse.ui.editors 3.20.200.v20251125-0939]
> Start 텍스트 편집기 프레임워크 [org.eclipse.ui.workbench.texteditor 3.19.400.v20251105-0815]
2026-01-22 09:57:52.427 - Initialize workbench window
2026-01-22 09:57:52.437 - Finish initialization
> Start DBeaver UI Editors - Data [org.jkiss.dbeaver.ui.editors.data 1.0.171.202601181752]
> Start DBeaver UI Editors - SQL [org.jkiss.dbeaver.ui.editors.sql 1.0.171.202601181752]
> Start DBeaver Dashboard UI [org.jkiss.dbeaver.ui.dashboard 1.0.168.202601181752]
> Start GEF Classic Draw2d [org.eclipse.draw2d 3.21.0.202512020742]
> Start GEF Classic GEF (MVC) [org.eclipse.gef 3.24.0.202511201732]
> Start DBeaver ERD UI [org.jkiss.dbeaver.ui.editors.erd 3.1.12.202601181752]
> Start DBeaver ERD Model [org.jkiss.dbeaver.model.erd 1.1.12.202601181752]
> Start DBeaver Sample Database [org.jkiss.dbeaver.ui.config.sample 1.0.208.202601181752]
2026-01-22 09:58:24.236 - Open [https://dbeaver.io/product/version.xml]
> Start DBeaver MySQL UI Support [org.jkiss.dbeaver.ext.mysql.ui 1.0.163.202601181752]
> Start DBeaver JDBC Model [org.jkiss.dbeaver.model.jdbc 1.0.64.202601181752]
> Start DBeaver MySQL Support [org.jkiss.dbeaver.ext.mysql 2.1.256.202601181752]
2026-01-22 09:59:00.964 - Service 'org.jkiss.dbeaver.ui.UIServiceConnectionEditor' not found
2026-01-22 09:59:00.992 - Service 'org.jkiss.dbeaver.runtime.ui.UIServiceSecurity' not found
2026-01-22 09:59:17.212 - Open [https://repo1.maven.org/maven2/com/mysql/mysql-connector-j/8.2.0/mysql-connector-j-8.2.0.pom]
2026-01-22 09:59:17.371 - Open [https://repo1.maven.org/maven2/com/google/protobuf/protobuf-java/3.21.9/protobuf-java-3.21.9.pom]
2026-01-22 09:59:17.403 - Open [https://repo1.maven.org/maven2/com/google/protobuf/protobuf-parent/3.21.9/protobuf-parent-3.21.9.pom]
2026-01-22 09:59:17.435 - Open [https://repo1.maven.org/maven2/com/google/protobuf/protobuf-bom/3.21.9/protobuf-bom-3.21.9.pom]
2026-01-22 09:59:19.051 - Open [https://repo1.maven.org/maven2/com/mysql/mysql-connector-j/8.2.0/mysql-connector-j-8.2.0.jar]
2026-01-22 09:59:19.694 - Open [https://repo1.maven.org/maven2/com/google/protobuf/protobuf-java/3.21.9/protobuf-java-3.21.9.jar]
2026-01-22 09:59:35.537 - Connect with 'localhost' (mysql8-19be3363bbd-3c59b1c17e31f851)
2026-01-22 09:59:35.561 - Execution context opened (localhost; Main; 0)
> Start DBeaver GIS Support [org.jkiss.dbeaver.data.gis 1.0.195.202601181752]
2026-01-22 09:59:35.651 - Execution context opened (localhost; Metadata; 1)
2026-01-22 09:59:35.687 - Connected (mysql8-19be3363bbd-3c59b1c17e31f851, MySQL Connector/J [mysql-connector-j-8.2.0 (Revision: 06a1f724497fd81c6a659131fda822c9e5085b6c)])
Warning: NLS unused message: FindReplace_RegExCheckbox_label in: org.eclipse.ui.texteditor.EditorMessages
Warning: NLS unused message: FindReplace_WrapCheckBox_label in: org.eclipse.ui.texteditor.EditorMessages
Warning: NLS unused message: FindReplace_IncrementalCheckBox_label in: org.eclipse.ui.texteditor.EditorMessages
Warning: NLS unused message: FindReplace_Options in: org.eclipse.ui.texteditor.EditorMessages
Warning: NLS unused message: FindReplace_ReplaceSelectionButton_label in: org.eclipse.ui.texteditor.EditorMessages
Warning: NLS unused message: FindReplace_SelectedRangeRadioButton_label in: org.eclipse.ui.texteditor.EditorMessages
Warning: NLS unused message: FindReplace_SelectAllButton_label in: org.eclipse.ui.texteditor.EditorMessages
Warning: NLS unused message: FindReplace_GlobalRadioButton_label in: org.eclipse.ui.texteditor.EditorMessages
Warning: NLS unused message: FindReplace_WholeWordCheckBox_label in: org.eclipse.ui.texteditor.EditorMessages
Warning: NLS unused message: FindReplace_ReplaceFindButton_label in: org.eclipse.ui.texteditor.EditorMessages
Warning: NLS unused message: FindReplace_BackwardRadioButton_label in: org.eclipse.ui.texteditor.EditorMessages
Warning: NLS unused message: FindReplace_CloseButton_label in: org.eclipse.ui.texteditor.EditorMessages
Warning: NLS unused message: FindReplace_Replace_label in: org.eclipse.ui.texteditor.EditorMessages
Warning: NLS unused message: FindReplace_CaseCheckBox_label in: org.eclipse.ui.texteditor.EditorMessages
Warning: NLS unused message: FindReplace_Status_replacements_label in: org.eclipse.ui.texteditor.EditorMessages
Warning: NLS unused message: FindReplace_title in: org.eclipse.ui.texteditor.EditorMessages
Warning: NLS unused message: FindReplace_Direction in: org.eclipse.ui.texteditor.EditorMessages
Warning: NLS unused message: FindReplace_ReplaceAllButton_label in: org.eclipse.ui.texteditor.EditorMessages
Warning: NLS unused message: FindReplace_Scope in: org.eclipse.ui.texteditor.EditorMessages
Warning: NLS unused message: FindReplace_Find_label in: org.eclipse.ui.texteditor.EditorMessages
Warning: NLS unused message: FindReplace_ForwardRadioButton_label in: org.eclipse.ui.texteditor.EditorMessages
Warning: NLS unused message: FindReplace_FindNextButton_label in: org.eclipse.ui.texteditor.EditorMessages
> Start DBeaver SQL Terminal [org.jkiss.dbeaver.ui.editors.sql.terminal 1.0.147.202601181752]
> Start 핵심 비교 지원 [org.eclipse.compare.core 3.8.800.v20250718-1505]
> Start 콘솔 [org.eclipse.ui.console 3.15.0.v20251113-1013]
> Start 디버그 핵심 [org.eclipse.debug.core 3.23.200.v20251107-0507]
2026-01-22 10:01:22.854 - Execution context opened (localhost; SQLEditor <Script.sql>; 2)
> Start DBeaver Tasks - Native Tools UI [org.jkiss.dbeaver.tasks.native.ui 1.0.149.202601181752]
> Start DBeaver Tasks - General UI [org.jkiss.dbeaver.tasks.ui 1.0.149.202601181752]
> Start DBeaver SQL Language Semantic Model [org.jkiss.dbeaver.model.lsm 1.0.66.202601181752]
2026-01-22 10:20:39.188 - Execution context opened (localhost; SQLEditor <Script-1.sql>; 3)
> Start DBeaver Data Transfer [org.jkiss.dbeaver.data.transfer 2.0.155.202601181752]
2026-01-22 12:06:19.102 - Execution context opened (localhost; SQLEditor <Script-2.sql>; 4)
2026-01-22 12:06:22.041 - Execution context closed (localhost, 3)
2026-01-22 12:06:25.895 - Delete empty SQL script '\General\Scripts\Script.sql'
2026-01-22 12:06:25.896 - Execution context closed (localhost, 2)
2026-01-22 12:36:22.029 - Application goes into sleep mode
2026-01-22 13:10:20.674 - Application wakes
2026-01-22 13:34:53.333 - Execution context opened (localhost; SQLEditor <Script.sql>; 5)
2026-01-22 13:44:13.035 - Table 'employees.member_notnull' not found in metadata catalog
2026-01-22 13:44:13.035 - Table 'employees.member_notnull' not found in metadata catalog
2026-01-22 13:44:13.035 - Table 'employees.member_notnull' not found in metadata catalog
2026-01-22 13:44:13.035 - Table 'employees.member_notnull' not found in metadata catalog
2026-01-22 13:44:13.035 - Table 'employees.member_notnull' not found in metadata catalog
2026-01-22 13:56:01.370 - Table 'employees.member_check' not found in metadata catalog
2026-01-22 14:01:38.060 - Table 'employees.member_default' not found in metadata catalog
2026-01-22 14:01:38.061 - Table 'employees.member_default' not found in metadata catalog
2026-01-22 14:15:29.883 - Table 'employees.member_pk' not found in metadata catalog
2026-01-22 14:15:29.883 - Table 'employees.member_pk' not found in metadata catalog
2026-01-22 14:41:57.415 - Table 'employees.member_primary' not found in metadata catalog
2026-01-22 14:41:57.415 - Table 'employees.member_primary' not found in metadata catalog
2026-01-22 14:43:20.309 - Table 'employees.member_primary' not found in metadata catalog
2026-01-22 14:43:20.311 - Table 'employees.member_primary' not found in metadata catalog
2026-01-22 14:43:38.950 - Table 'employees.board_foreign' not found in metadata catalog
2026-01-22 14:43:38.950 - Table 'employees.board_foreign' not found in metadata catalog
2026-01-22 14:43:38.950 - Table 'employees.board_foreign' not found in metadata catalog
2026-01-22 14:44:46.349 - Table 'employees.board_foreign' not found in metadata catalog
2026-01-22 14:44:46.350 - Table 'employees.board_foreign' not found in metadata catalog
2026-01-22 14:44:46.350 - Table 'employees.board_foreign' not found in metadata catalog
2026-01-22 14:53:36.834 - Table 'employees.member_primary' not found in metadata catalog
2026-01-22 14:53:36.835 - Table 'employees.member_primary' not found in metadata catalog
2026-01-22 14:57:03.211 - Table 'employees.board_foreign' not found in metadata catalog
2026-01-22 14:57:03.211 - Table 'employees.board_foreign' not found in metadata catalog
2026-01-22 14:57:03.211 - Table 'employees.board_foreign' not found in metadata catalog
2026-01-22 14:57:08.158 - Table 'employees.board_foreign' not found in metadata catalog
2026-01-22 14:57:08.158 - Table 'employees.board_foreign' not found in metadata catalog
2026-01-22 14:57:08.158 - Table 'employees.board_foreign' not found in metadata catalog
2026-01-22 14:57:14.545 - Table 'employees.member_primary' not found in metadata catalog
2026-01-22 14:57:14.546 - Table 'employees.member_primary' not found in metadata catalog
2026-01-22 14:57:23.705 - Table 'employees.board_foreign' not found in metadata catalog
2026-01-22 14:57:23.705 - Table 'employees.board_foreign' not found in metadata catalog
2026-01-22 14:57:23.706 - Table 'employees.board_foreign' not found in metadata catalog
> Start Equinox Provisioning Metadata [org.eclipse.equinox.p2.metadata 2.9.600.v20251108-0408]
2026-01-22 15:31:06.233 - Execution context opened (localhost; SQLEditor <Script-2.sql>; 6)
2026-01-22 15:31:06.448 - Source or target node not found
2026-01-22 15:31:06.448 - Source or target node not found
2026-01-22 15:31:06.448 - Source or target node not found
2026-01-22 15:31:06.448 - Source or target node not found
2026-01-22 15:31:06.448 - Source or target node not found
2026-01-22 15:31:06.448 - Source or target node not found
2026-01-22 15:31:06.448 - Source or target node not found
2026-01-22 15:51:08.476 - Restore default sash weights
2026-01-22 15:51:08.584 - Execution context opened (localhost; SQLEditor <Script-2.sql>; 7)
2026-01-22 15:51:08.817 - Source or target node not found
2026-01-22 15:51:08.817 - Source or target node not found
2026-01-22 15:51:08.817 - Source or target node not found
2026-01-22 15:51:08.817 - Source or target node not found
2026-01-22 15:51:08.817 - Source or target node not found
2026-01-22 15:51:08.818 - Source or target node not found
2026-01-22 15:51:08.818 - Source or target node not found
2026-01-22 15:53:51.392 - Restore default sash weights
2026-01-22 15:53:51.475 - Execution context opened (localhost; SQLEditor <Script-1.sql>; 8)
